TN:
SF:src\app.js
FN:14,(anonymous_0)
FNF:1
FNH:0
FNDA:0,(anonymous_0)
DA:2,2
DA:3,2
DA:4,2
DA:6,2
DA:9,2
DA:10,2
DA:11,2
DA:14,2
DA:15,0
DA:21,2
LF:10
LH:9
BRF:0
BRH:0
end_of_record
TN:
SF:src\controllers\taskController.js
FN:4,(anonymous_0)
FN:16,(anonymous_1)
FN:32,(anonymous_2)
FN:57,(anonymous_3)
FN:76,(anonymous_4)
FN:103,(anonymous_5)
FNF:6
FNH:6
FNDA:1,(anonymous_0)
FNDA:1,(anonymous_1)
FNDA:1,(anonymous_2)
FNDA:1,(anonymous_3)
FNDA:2,(anonymous_4)
FNDA:1,(anonymous_5)
DA:2,2
DA:4,2
DA:5,1
DA:6,1
DA:7,1
DA:8,1
DA:9,1
DA:11,0
DA:12,0
DA:16,2
DA:23,1
DA:25,1
DA:32,1
DA:38,1
DA:41,1
DA:43,1
DA:44,1
DA:45,0
DA:51,1
DA:57,1
DA:62,1
DA:63,1
DA:64,1
DA:67,0
DA:69,0
DA:73,1
DA:76,2
DA:77,2
DA:78,2
DA:79,2
DA:80,0
DA:83,2
DA:84,2
DA:85,2
DA:86,2
DA:87,2
DA:88,2
DA:89,2
DA:90,2
DA:91,2
DA:92,2
DA:93,2
DA:94,1
DA:96,1
DA:98,0
DA:99,0
DA:103,2
DA:104,1
DA:105,1
DA:106,1
DA:107,0
DA:109,1
DA:110,1
DA:111,1
DA:112,0
DA:114,1
DA:116,0
DA:117,0
LF:58
LH:46
BRDA:23,0,0,1
BRDA:23,0,1,0
BRDA:27,1,0,1
BRDA:27,1,1,0
BRDA:28,2,0,1
BRDA:28,2,1,0
BRDA:29,3,0,1
BRDA:29,3,1,0
BRDA:30,4,0,1
BRDA:30,4,1,1
BRDA:31,5,0,1
BRDA:31,5,1,0
BRDA:32,6,0,1
BRDA:32,6,1,0
BRDA:34,7,0,1
BRDA:34,7,1,0
BRDA:35,8,0,1
BRDA:35,8,1,0
BRDA:43,9,0,1
BRDA:43,9,1,0
BRDA:44,10,0,0
BRDA:44,10,1,1
BRDA:44,11,0,1
BRDA:44,11,1,1
BRDA:53,12,0,1
BRDA:53,12,1,0
BRDA:54,13,0,1
BRDA:54,13,1,0
BRDA:55,14,0,1
BRDA:55,14,1,1
BRDA:56,15,0,1
BRDA:56,15,1,0
BRDA:57,16,0,1
BRDA:57,16,1,0
BRDA:59,17,0,1
BRDA:59,17,1,0
BRDA:60,18,0,1
BRDA:60,18,1,0
BRDA:69,19,0,0
BRDA:69,19,1,0
BRDA:79,20,0,0
BRDA:79,20,1,2
BRDA:79,21,0,2
BRDA:79,21,1,2
BRDA:84,22,0,1
BRDA:84,22,1,1
BRDA:85,23,0,0
BRDA:85,23,1,2
BRDA:86,24,0,0
BRDA:86,24,1,2
BRDA:87,25,0,0
BRDA:87,25,1,2
BRDA:88,26,0,0
BRDA:88,26,1,2
BRDA:89,27,0,0
BRDA:89,27,1,2
BRDA:90,28,0,1
BRDA:90,28,1,1
BRDA:93,29,0,1
BRDA:93,29,1,1
BRDA:106,30,0,0
BRDA:106,30,1,1
BRDA:106,31,0,1
BRDA:106,31,1,1
BRDA:111,32,0,0
BRDA:111,32,1,1
BRF:66
BRH:40
end_of_record
TN:
SF:src\models\taskModel.js
FNF:0
FNH:0
DA:2,2
DA:4,2
DA:26,2
LF:3
LH:3
BRF:0
BRH:0
end_of_record
TN:
SF:src\routes\taskRoutes.js
FNF:0
FNH:0
DA:2,2
DA:3,2
DA:4,2
DA:5,2
DA:8,2
DA:15,2
DA:16,2
DA:17,2
DA:18,2
DA:20,2
LF:10
LH:10
BRF:0
BRH:0
end_of_record
