{"total": {"lines":{"total":138,"covered":69,"skipped":0,"pct":50},"statements":{"total":150,"covered":76,"skipped":0,"pct":50.66},"functions":{"total":20,"covered":6,"skipped":0,"pct":30},"branches":{"total":80,"covered":61,"skipped":0,"pct":76.25},"branchesTrue":{"total":0,"covered":0,"skipped":0,"pct":100}}
,"C:\\Projetos\\Patria\\poc-task-manager\\poc-task-manager\\backend\\src\\mock-server.js": {"lines":{"total":31,"covered":0,"skipped":0,"pct":0},"functions":{"total":8,"covered":0,"skipped":0,"pct":0},"statements":{"total":33,"covered":0,"skipped":0,"pct":0},"branches":{"total":4,"covered":0,"skipped":0,"pct":0}}
,"C:\\Projetos\\Patria\\poc-task-manager\\poc-task-manager\\backend\\src\\server-dev.js": {"lines":{"total":36,"covered":0,"skipped":0,"pct":0},"functions":{"total":6,"covered":0,"skipped":0,"pct":0},"statements":{"total":39,"covered":0,"skipped":0,"pct":0},"branches":{"total":10,"covered":0,"skipped":0,"pct":0}}
,"C:\\Projetos\\Patria\\poc-task-manager\\poc-task-manager\\backend\\src\\controllers\\taskController.js": {"lines":{"total":58,"covered":56,"skipped":0,"pct":96.55},"functions":{"total":6,"covered":6,"skipped":0,"pct":100},"statements":{"total":65,"covered":63,"skipped":0,"pct":96.92},"branches":{"total":66,"covered":61,"skipped":0,"pct":92.42}}
,"C:\\Projetos\\Patria\\poc-task-manager\\poc-task-manager\\backend\\src\\models\\taskModel.js": {"lines":{"total":3,"covered":3,"skipped":0,"pct":100},"functions":{"total":0,"covered":0,"skipped":0,"pct":100},"statements":{"total":3,"covered":3,"skipped":0,"pct":100},"branches":{"total":0,"covered":0,"skipped":0,"pct":100}}
,"C:\\Projetos\\Patria\\poc-task-manager\\poc-task-manager\\backend\\src\\routes\\taskRoutes.js": {"lines":{"total":10,"covered":10,"skipped":0,"pct":100},"functions":{"total":0,"covered":0,"skipped":0,"pct":100},"statements":{"total":10,"covered":10,"skipped":0,"pct":100},"branches":{"total":0,"covered":0,"skipped":0,"pct":100}}
}
