{"/home/runner/work/poc-task-manager-herooffer-ghc/poc-task-manager-herooffer-ghc/backend/src/controllers/taskController.js": {"path":"/home/runner/work/poc-task-manager-herooffer-ghc/poc-task-manager-herooffer-ghc/backend/src/controllers/taskController.js","statementMap":{"0":{"start":{"line":2,"column":13},"end":{"line":2,"column":43}},"1":{"start":{"line":4,"column":0},"end":{"line":14,"column":2}},"2":{"start":{"line":5,"column":4},"end":{"line":13,"column":5}},"3":{"start":{"line":6,"column":8},"end":{"line":6,"column":55}},"4":{"start":{"line":7,"column":22},"end":{"line":7,"column":63}},"5":{"start":{"line":8,"column":8},"end":{"line":8,"column":61}},"6":{"start":{"line":9,"column":8},"end":{"line":9,"column":24}},"7":{"start":{"line":11,"column":8},"end":{"line":11,"column":66}},"8":{"start":{"line":12,"column":8},"end":{"line":12,"column":65}},"9":{"start":{"line":16,"column":0},"end":{"line":53,"column":2}},"10":{"start":{"line":23,"column":101},"end":{"line":23,"column":115}},"11":{"start":{"line":25,"column":20},"end":{"line":36,"column":5}},"12":{"start":{"line":32,"column":53},"end":{"line":32,"column":74}},"13":{"start":{"line":38,"column":4},"end":{"line":38,"column":93}},"14":{"start":{"line":41,"column":4},"end":{"line":49,"column":5}},"15":{"start":{"line":42,"column":24},"end":{"line":42,"column":41}},"16":{"start":{"line":43,"column":8},"end":{"line":43,"column":41}},"17":{"start":{"line":46,"column":8},"end":{"line":46,"column":104}},"18":{"start":{"line":48,"column":8},"end":{"line":48,"column":76}},"19":{"start":{"line":52,"column":4},"end":{"line":52,"column":43}},"20":{"start":{"line":55,"column":0},"end":{"line":80,"column":2}},"21":{"start":{"line":56,"column":4},"end":{"line":79,"column":5}},"22":{"start":{"line":57,"column":23},"end":{"line":57,"column":33}},"23":{"start":{"line":58,"column":8},"end":{"line":60,"column":9}},"24":{"start":{"line":59,"column":12},"end":{"line":59,"column":70}},"25":{"start":{"line":62,"column":23},"end":{"line":62,"column":25}},"26":{"start":{"line":63,"column":8},"end":{"line":63,"column":99}},"27":{"start":{"line":63,"column":69},"end":{"line":63,"column":99}},"28":{"start":{"line":64,"column":8},"end":{"line":64,"column":117}},"29":{"start":{"line":64,"column":75},"end":{"line":64,"column":117}},"30":{"start":{"line":65,"column":8},"end":{"line":65,"column":108}},"31":{"start":{"line":65,"column":72},"end":{"line":65,"column":108}},"32":{"start":{"line":66,"column":8},"end":{"line":66,"column":105}},"33":{"start":{"line":66,"column":71},"end":{"line":66,"column":105}},"34":{"start":{"line":67,"column":8},"end":{"line":67,"column":108}},"35":{"start":{"line":67,"column":72},"end":{"line":67,"column":108}},"36":{"start":{"line":68,"column":8},"end":{"line":68,"column":96}},"37":{"start":{"line":68,"column":68},"end":{"line":68,"column":96}},"38":{"start":{"line":69,"column":8},"end":{"line":69,"column":111}},"39":{"start":{"line":69,"column":73},"end":{"line":69,"column":111}},"40":{"start":{"line":70,"column":8},"end":{"line":70,"column":64}},"41":{"start":{"line":71,"column":28},"end":{"line":71,"column":104}},"42":{"start":{"line":72,"column":8},"end":{"line":74,"column":9}},"43":{"start":{"line":73,"column":12},"end":{"line":73,"column":69}},"44":{"start":{"line":75,"column":8},"end":{"line":75,"column":30}},"45":{"start":{"line":77,"column":8},"end":{"line":77,"column":68}},"46":{"start":{"line":78,"column":8},"end":{"line":78,"column":89}},"47":{"start":{"line":82,"column":0},"end":{"line":98,"column":2}},"48":{"start":{"line":83,"column":4},"end":{"line":97,"column":5}},"49":{"start":{"line":84,"column":23},"end":{"line":84,"column":33}},"50":{"start":{"line":85,"column":8},"end":{"line":87,"column":9}},"51":{"start":{"line":86,"column":12},"end":{"line":86,"column":70}},"52":{"start":{"line":88,"column":8},"end":{"line":88,"column":44}},"53":{"start":{"line":89,"column":28},"end":{"line":89,"column":60}},"54":{"start":{"line":90,"column":8},"end":{"line":92,"column":9}},"55":{"start":{"line":91,"column":12},"end":{"line":91,"column":69}},"56":{"start":{"line":93,"column":8},"end":{"line":93,"column":31}},"57":{"start":{"line":95,"column":8},"end":{"line":95,"column":66}},"58":{"start":{"line":96,"column":8},"end":{"line":96,"column":65}}},"fnMap":{"0":{"name":"(anonymous_0)","decl":{"start":{"line":4,"column":19},"end":{"line":4,"column":20}},"loc":{"start":{"line":4,"column":39},"end":{"line":14,"column":1}},"line":4},"1":{"name":"(anonymous_1)","decl":{"start":{"line":16,"column":21},"end":{"line":16,"column":22}},"loc":{"start":{"line":16,"column":41},"end":{"line":53,"column":1}},"line":16},"2":{"name":"(anonymous_2)","decl":{"start":{"line":32,"column":48},"end":{"line":32,"column":49}},"loc":{"start":{"line":32,"column":53},"end":{"line":32,"column":74}},"line":32},"3":{"name":"(anonymous_3)","decl":{"start":{"line":55,"column":21},"end":{"line":55,"column":22}},"loc":{"start":{"line":55,"column":41},"end":{"line":80,"column":1}},"line":55},"4":{"name":"(anonymous_4)","decl":{"start":{"line":82,"column":21},"end":{"line":82,"column":22}},"loc":{"start":{"line":82,"column":41},"end":{"line":98,"column":1}},"line":82}},"branchMap":{"0":{"loc":{"start":{"line":23,"column":101},"end":{"line":23,"column":115}},"type":"binary-expr","locations":[{"start":{"line":23,"column":101},"end":{"line":23,"column":109}},{"start":{"line":23,"column":113},"end":{"line":23,"column":115}}],"line":23},"1":{"loc":{"start":{"line":27,"column":15},"end":{"line":27,"column":60}},"type":"cond-expr","locations":[{"start":{"line":27,"column":43},"end":{"line":27,"column":55}},{"start":{"line":27,"column":58},"end":{"line":27,"column":60}}],"line":27},"2":{"loc":{"start":{"line":28,"column":21},"end":{"line":28,"column":71}},"type":"cond-expr","locations":[{"start":{"line":28,"column":55},"end":{"line":28,"column":66}},{"start":{"line":28,"column":69},"end":{"line":28,"column":71}}],"line":28},"3":{"loc":{"start":{"line":29,"column":18},"end":{"line":29,"column":91}},"type":"cond-expr","locations":[{"start":{"line":29,"column":72},"end":{"line":29,"column":80}},{"start":{"line":29,"column":83},"end":{"line":29,"column":91}}],"line":29},"4":{"loc":{"start":{"line":30,"column":17},"end":{"line":30,"column":32}},"type":"binary-expr","locations":[{"start":{"line":30,"column":17},"end":{"line":30,"column":24}},{"start":{"line":30,"column":28},"end":{"line":30,"column":32}}],"line":30},"5":{"loc":{"start":{"line":31,"column":18},"end":{"line":31,"column":67}},"type":"cond-expr","locations":[{"start":{"line":31,"column":49},"end":{"line":31,"column":57}},{"start":{"line":31,"column":60},"end":{"line":31,"column":67}}],"line":31},"6":{"loc":{"start":{"line":32,"column":14},"end":{"line":32,"column":80}},"type":"cond-expr","locations":[{"start":{"line":32,"column":36},"end":{"line":32,"column":75}},{"start":{"line":32,"column":78},"end":{"line":32,"column":80}}],"line":32},"7":{"loc":{"start":{"line":34,"column":20},"end":{"line":34,"column":73}},"type":"cond-expr","locations":[{"start":{"line":34,"column":53},"end":{"line":34,"column":63}},{"start":{"line":34,"column":66},"end":{"line":34,"column":73}}],"line":34},"8":{"loc":{"start":{"line":35,"column":16},"end":{"line":35,"column":61}},"type":"cond-expr","locations":[{"start":{"line":35,"column":45},"end":{"line":35,"column":51}},{"start":{"line":35,"column":54},"end":{"line":35,"column":61}}],"line":35},"9":{"loc":{"start":{"line":48,"column":39},"end":{"line":48,"column":73}},"type":"binary-expr","locations":[{"start":{"line":48,"column":39},"end":{"line":48,"column":53}},{"start":{"line":48,"column":57},"end":{"line":48,"column":73}}],"line":48},"10":{"loc":{"start":{"line":58,"column":8},"end":{"line":60,"column":9}},"type":"if","locations":[{"start":{"line":58,"column":8},"end":{"line":60,"column":9}},{"start":{},"end":{}}],"line":58},"11":{"loc":{"start":{"line":58,"column":12},"end":{"line":58,"column":49}},"type":"binary-expr","locations":[{"start":{"line":58,"column":12},"end":{"line":58,"column":15}},{"start":{"line":58,"column":19},"end":{"line":58,"column":49}}],"line":58},"12":{"loc":{"start":{"line":63,"column":8},"end":{"line":63,"column":99}},"type":"if","locations":[{"start":{"line":63,"column":8},"end":{"line":63,"column":99}},{"start":{},"end":{}}],"line":63},"13":{"loc":{"start":{"line":64,"column":8},"end":{"line":64,"column":117}},"type":"if","locations":[{"start":{"line":64,"column":8},"end":{"line":64,"column":117}},{"start":{},"end":{}}],"line":64},"14":{"loc":{"start":{"line":65,"column":8},"end":{"line":65,"column":108}},"type":"if","locations":[{"start":{"line":65,"column":8},"end":{"line":65,"column":108}},{"start":{},"end":{}}],"line":65},"15":{"loc":{"start":{"line":66,"column":8},"end":{"line":66,"column":105}},"type":"if","locations":[{"start":{"line":66,"column":8},"end":{"line":66,"column":105}},{"start":{},"end":{}}],"line":66},"16":{"loc":{"start":{"line":67,"column":8},"end":{"line":67,"column":108}},"type":"if","locations":[{"start":{"line":67,"column":8},"end":{"line":67,"column":108}},{"start":{},"end":{}}],"line":67},"17":{"loc":{"start":{"line":68,"column":8},"end":{"line":68,"column":96}},"type":"if","locations":[{"start":{"line":68,"column":8},"end":{"line":68,"column":96}},{"start":{},"end":{}}],"line":68},"18":{"loc":{"start":{"line":69,"column":8},"end":{"line":69,"column":111}},"type":"if","locations":[{"start":{"line":69,"column":8},"end":{"line":69,"column":111}},{"start":{},"end":{}}],"line":69},"19":{"loc":{"start":{"line":72,"column":8},"end":{"line":74,"column":9}},"type":"if","locations":[{"start":{"line":72,"column":8},"end":{"line":74,"column":9}},{"start":{},"end":{}}],"line":72},"20":{"loc":{"start":{"line":85,"column":8},"end":{"line":87,"column":9}},"type":"if","locations":[{"start":{"line":85,"column":8},"end":{"line":87,"column":9}},{"start":{},"end":{}}],"line":85},"21":{"loc":{"start":{"line":85,"column":12},"end":{"line":85,"column":49}},"type":"binary-expr","locations":[{"start":{"line":85,"column":12},"end":{"line":85,"column":15}},{"start":{"line":85,"column":19},"end":{"line":85,"column":49}}],"line":85},"22":{"loc":{"start":{"line":90,"column":8},"end":{"line":92,"column":9}},"type":"if","locations":[{"start":{"line":90,"column":8},"end":{"line":92,"column":9}},{"start":{},"end":{}}],"line":90}},"s":{"0":1,"1":1,"2":2,"3":2,"4":2,"5":1,"6":1,"7":1,"8":1,"9":1,"10":4,"11":4,"12":6,"13":4,"14":4,"15":4,"16":4,"17":1,"18":1,"19":4,"20":1,"21":5,"22":5,"23":5,"24":1,"25":4,"26":4,"27":1,"28":4,"29":1,"30":4,"31":1,"32":4,"33":1,"34":4,"35":1,"36":4,"37":1,"38":4,"39":2,"40":4,"41":4,"42":3,"43":1,"44":2,"45":1,"46":1,"47":1,"48":4,"49":4,"50":4,"51":1,"52":3,"53":3,"54":2,"55":1,"56":1,"57":1,"58":1},"f":{"0":2,"1":4,"2":6,"3":5,"4":4},"b":{"0":[4,0],"1":[4,0],"2":[1,3],"3":[1,3],"4":[4,3],"5":[1,3],"6":[2,2],"7":[2,2],"8":[2,2],"9":[1,1],"10":[1,4],"11":[5,5],"12":[1,3],"13":[1,3],"14":[1,3],"15":[1,3],"16":[1,3],"17":[1,3],"18":[2,2],"19":[1,2],"20":[1,3],"21":[4,4],"22":[1,1]},"_coverageSchema":"1a1c01bbd47fc00a2c39e90264f33305004495a9","hash":"6de82afd7288542dd0f2478ad7677b0f9414fa51"}
,"/home/runner/work/poc-task-manager-herooffer-ghc/poc-task-manager-herooffer-ghc/backend/src/models/taskModel.js": {"path":"/home/runner/work/poc-task-manager-herooffer-ghc/poc-task-manager-herooffer-ghc/backend/src/models/taskModel.js","statementMap":{"0":{"start":{"line":2,"column":17},"end":{"line":2,"column":36}},"1":{"start":{"line":4,"column":19},"end":{"line":24,"column":2}},"2":{"start":{"line":26,"column":0},"end":{"line":26,"column":52}}},"fnMap":{},"branchMap":{},"s":{"0":1,"1":1,"2":1},"f":{},"b":{},"_coverageSchema":"1a1c01bbd47fc00a2c39e90264f33305004495a9","hash":"15add5cf6705aa0d7946637116ae9b5e2d2fe10b"}
,"/home/runner/work/poc-task-manager-herooffer-ghc/poc-task-manager-herooffer-ghc/backend/src/routes/taskRoutes.js": {"path":"/home/runner/work/poc-task-manager-herooffer-ghc/poc-task-manager-herooffer-ghc/backend/src/routes/taskRoutes.js","statementMap":{"0":{"start":{"line":2,"column":16},"end":{"line":2,"column":34}},"1":{"start":{"line":3,"column":15},"end":{"line":3,"column":31}},"2":{"start":{"line":4,"column":18},"end":{"line":4,"column":47}},"3":{"start":{"line":5,"column":23},"end":{"line":5,"column":63}},"4":{"start":{"line":8,"column":19},"end":{"line":13,"column":2}},"5":{"start":{"line":15,"column":0},"end":{"line":15,"column":58}},"6":{"start":{"line":16,"column":0},"end":{"line":16,"column":61}},"7":{"start":{"line":17,"column":0},"end":{"line":17,"column":64}},"8":{"start":{"line":18,"column":0},"end":{"line":18,"column":67}},"9":{"start":{"line":20,"column":0},"end":{"line":20,"column":24}}},"fnMap":{},"branchMap":{},"s":{"0":1,"1":1,"2":1,"3":1,"4":1,"5":1,"6":1,"7":1,"8":1,"9":1},"f":{},"b":{},"_coverageSchema":"1a1c01bbd47fc00a2c39e90264f33305004495a9","hash":"8f8066bd8f73fd66e39fd0c5a5e4c9a03bd51c74"}
}
