{"total": {"lines":{"total":49,"covered":49,"skipped":0,"pct":100},"statements":{"total":49,"covered":49,"skipped":0,"pct":100},"functions":{"total":4,"covered":4,"skipped":0,"pct":100},"branches":{"total":4,"covered":4,"skipped":0,"pct":100},"branchesTrue":{"total":0,"covered":0,"skipped":0,"pct":100}}
,"C:\\Users\\luana.correa.vieira\\OneDrive - Avanade\\Patria\\poc-task-manager\\backend\\src\\controllers\\taskController.js": {"lines":{"total":38,"covered":38,"skipped":0,"pct":100},"functions":{"total":4,"covered":4,"skipped":0,"pct":100},"statements":{"total":38,"covered":38,"skipped":0,"pct":100},"branches":{"total":4,"covered":4,"skipped":0,"pct":100}}
,"C:\\Users\\luana.correa.vieira\\OneDrive - Avanade\\Patria\\poc-task-manager\\backend\\src\\models\\taskModel.js": {"lines":{"total":3,"covered":3,"skipped":0,"pct":100},"functions":{"total":0,"covered":0,"skipped":0,"pct":100},"statements":{"total":3,"covered":3,"skipped":0,"pct":100},"branches":{"total":0,"covered":0,"skipped":0,"pct":100}}
,"C:\\Users\\luana.correa.vieira\\OneDrive - Avanade\\Patria\\poc-task-manager\\backend\\src\\routes\\taskRoutes.js": {"lines":{"total":8,"covered":8,"skipped":0,"pct":100},"functions":{"total":0,"covered":0,"skipped":0,"pct":100},"statements":{"total":8,"covered":8,"skipped":0,"pct":100},"branches":{"total":0,"covered":0,"skipped":0,"pct":100}}
}
