{"C:\\Users\\luana.correa.vieira\\OneDrive - Avanade\\Patria\\poc-task-manager\\backend\\src\\controllers\\taskController.js": {"path":"C:\\Users\\luana.correa.vieira\\OneDrive - Avanade\\Patria\\poc-task-manager\\backend\\src\\controllers\\taskController.js","statementMap":{"0":{"start":{"line":2,"column":13},"end":{"line":2,"column":43}},"1":{"start":{"line":4,"column":0},"end":{"line":14,"column":2}},"2":{"start":{"line":5,"column":4},"end":{"line":13,"column":5}},"3":{"start":{"line":6,"column":8},"end":{"line":6,"column":55}},"4":{"start":{"line":7,"column":22},"end":{"line":7,"column":63}},"5":{"start":{"line":8,"column":8},"end":{"line":8,"column":61}},"6":{"start":{"line":9,"column":8},"end":{"line":9,"column":24}},"7":{"start":{"line":11,"column":8},"end":{"line":11,"column":58}},"8":{"start":{"line":12,"column":8},"end":{"line":12,"column":65}},"9":{"start":{"line":16,"column":0},"end":{"line":27,"column":2}},"10":{"start":{"line":17,"column":4},"end":{"line":26,"column":5}},"11":{"start":{"line":18,"column":8},"end":{"line":18,"column":56}},"12":{"start":{"line":19,"column":24},"end":{"line":19,"column":42}},"13":{"start":{"line":20,"column":26},"end":{"line":20,"column":46}},"14":{"start":{"line":21,"column":8},"end":{"line":21,"column":67}},"15":{"start":{"line":22,"column":8},"end":{"line":22,"column":40}},"16":{"start":{"line":24,"column":8},"end":{"line":24,"column":56}},"17":{"start":{"line":25,"column":8},"end":{"line":25,"column":89}},"18":{"start":{"line":29,"column":0},"end":{"line":48,"column":2}},"19":{"start":{"line":30,"column":4},"end":{"line":47,"column":5}},"20":{"start":{"line":31,"column":8},"end":{"line":31,"column":73}},"21":{"start":{"line":32,"column":28},"end":{"line":36,"column":9}},"22":{"start":{"line":38,"column":8},"end":{"line":40,"column":9}},"23":{"start":{"line":39,"column":12},"end":{"line":39,"column":69}},"24":{"start":{"line":42,"column":8},"end":{"line":42,"column":55}},"25":{"start":{"line":43,"column":8},"end":{"line":43,"column":30}},"26":{"start":{"line":45,"column":8},"end":{"line":45,"column":60}},"27":{"start":{"line":46,"column":8},"end":{"line":46,"column":89}},"28":{"start":{"line":50,"column":0},"end":{"line":65,"column":2}},"29":{"start":{"line":51,"column":4},"end":{"line":64,"column":5}},"30":{"start":{"line":52,"column":8},"end":{"line":52,"column":61}},"31":{"start":{"line":53,"column":28},"end":{"line":53,"column":71}},"32":{"start":{"line":55,"column":8},"end":{"line":57,"column":9}},"33":{"start":{"line":56,"column":12},"end":{"line":56,"column":69}},"34":{"start":{"line":59,"column":8},"end":{"line":59,"column":53}},"35":{"start":{"line":60,"column":8},"end":{"line":60,"column":31}},"36":{"start":{"line":62,"column":8},"end":{"line":62,"column":58}},"37":{"start":{"line":63,"column":8},"end":{"line":63,"column":65}}},"fnMap":{"0":{"name":"(anonymous_0)","decl":{"start":{"line":4,"column":19},"end":{"line":4,"column":20}},"loc":{"start":{"line":4,"column":39},"end":{"line":14,"column":1}},"line":4},"1":{"name":"(anonymous_1)","decl":{"start":{"line":16,"column":21},"end":{"line":16,"column":22}},"loc":{"start":{"line":16,"column":41},"end":{"line":27,"column":1}},"line":16},"2":{"name":"(anonymous_2)","decl":{"start":{"line":29,"column":21},"end":{"line":29,"column":22}},"loc":{"start":{"line":29,"column":41},"end":{"line":48,"column":1}},"line":29},"3":{"name":"(anonymous_3)","decl":{"start":{"line":50,"column":21},"end":{"line":50,"column":22}},"loc":{"start":{"line":50,"column":41},"end":{"line":65,"column":1}},"line":50}},"branchMap":{"0":{"loc":{"start":{"line":38,"column":8},"end":{"line":40,"column":9}},"type":"if","locations":[{"start":{"line":38,"column":8},"end":{"line":40,"column":9}},{"start":{},"end":{}}],"line":38},"1":{"loc":{"start":{"line":55,"column":8},"end":{"line":57,"column":9}},"type":"if","locations":[{"start":{"line":55,"column":8},"end":{"line":57,"column":9}},{"start":{},"end":{}}],"line":55}},"s":{"0":1,"1":1,"2":2,"3":2,"4":2,"5":1,"6":1,"7":1,"8":1,"9":1,"10":2,"11":2,"12":2,"13":2,"14":1,"15":1,"16":1,"17":1,"18":1,"19":3,"20":3,"21":3,"22":2,"23":1,"24":1,"25":1,"26":1,"27":1,"28":1,"29":3,"30":3,"31":3,"32":2,"33":1,"34":1,"35":1,"36":1,"37":1},"f":{"0":2,"1":2,"2":3,"3":3},"b":{"0":[1,1],"1":[1,1]},"_coverageSchema":"1a1c01bbd47fc00a2c39e90264f33305004495a9","hash":"64bfecfd2d6a374f0e91d750c9ed0637acb1ef9a"}
,"C:\\Users\\luana.correa.vieira\\OneDrive - Avanade\\Patria\\poc-task-manager\\backend\\src\\models\\taskModel.js": {"path":"C:\\Users\\luana.correa.vieira\\OneDrive - Avanade\\Patria\\poc-task-manager\\backend\\src\\models\\taskModel.js","statementMap":{"0":{"start":{"line":2,"column":17},"end":{"line":2,"column":36}},"1":{"start":{"line":4,"column":19},"end":{"line":24,"column":2}},"2":{"start":{"line":26,"column":0},"end":{"line":26,"column":52}}},"fnMap":{},"branchMap":{},"s":{"0":1,"1":1,"2":1},"f":{},"b":{},"_coverageSchema":"1a1c01bbd47fc00a2c39e90264f33305004495a9","hash":"7606f207e8c233b2b0bd3a4841b8b5a1252f1aa2"}
,"C:\\Users\\luana.correa.vieira\\OneDrive - Avanade\\Patria\\poc-task-manager\\backend\\src\\routes\\taskRoutes.js": {"path":"C:\\Users\\luana.correa.vieira\\OneDrive - Avanade\\Patria\\poc-task-manager\\backend\\src\\routes\\taskRoutes.js","statementMap":{"0":{"start":{"line":2,"column":16},"end":{"line":2,"column":34}},"1":{"start":{"line":3,"column":15},"end":{"line":3,"column":31}},"2":{"start":{"line":4,"column":23},"end":{"line":4,"column":63}},"3":{"start":{"line":6,"column":0},"end":{"line":6,"column":46}},"4":{"start":{"line":7,"column":0},"end":{"line":7,"column":49}},"5":{"start":{"line":8,"column":0},"end":{"line":8,"column":52}},"6":{"start":{"line":9,"column":0},"end":{"line":9,"column":55}},"7":{"start":{"line":11,"column":0},"end":{"line":11,"column":24}}},"fnMap":{},"branchMap":{},"s":{"0":1,"1":1,"2":1,"3":1,"4":1,"5":1,"6":1,"7":1},"f":{},"b":{},"_coverageSchema":"1a1c01bbd47fc00a2c39e90264f33305004495a9","hash":"13724050b0bbfce720c389c433c18b82ebae4590"}
}
