TN:
SF:src\controllers\taskController.js
FN:4,(anonymous_0)
FN:16,(anonymous_1)
FN:33,(anonymous_2)
FN:48,(anonymous_3)
FN:75,(anonymous_4)
FNF:5
FNH:5
FNDA:2,(anonymous_0)
FNDA:4,(anonymous_1)
FNDA:6,(anonymous_2)
FNDA:5,(anonymous_3)
FNDA:4,(anonymous_4)
DA:2,1
DA:4,1
DA:5,2
DA:6,2
DA:7,2
DA:8,1
DA:9,1
DA:11,1
DA:12,1
DA:16,1
DA:17,4
DA:19,4
DA:20,4
DA:21,1
DA:27,3
DA:33,6
DA:38,3
DA:39,3
DA:40,3
DA:41,3
DA:43,0
DA:44,0
DA:48,1
DA:49,5
DA:50,5
DA:51,5
DA:52,1
DA:55,4
DA:56,4
DA:57,4
DA:58,4
DA:59,4
DA:60,4
DA:61,4
DA:62,4
DA:63,4
DA:64,4
DA:65,3
DA:66,1
DA:68,2
DA:70,1
DA:71,1
DA:75,1
DA:76,4
DA:77,4
DA:78,4
DA:79,1
DA:81,3
DA:82,3
DA:83,2
DA:84,1
DA:86,1
DA:88,1
DA:89,1
LF:54
LH:52
BRDA:19,0,0,4
BRDA:19,0,1,0
BRDA:20,1,0,1
BRDA:20,1,1,3
BRDA:20,2,0,4
BRDA:20,2,1,3
BRDA:29,3,0,1
BRDA:29,3,1,2
BRDA:30,4,0,1
BRDA:30,4,1,2
BRDA:31,5,0,3
BRDA:31,5,1,2
BRDA:32,6,0,1
BRDA:32,6,1,2
BRDA:33,7,0,2
BRDA:33,7,1,1
BRDA:35,8,0,2
BRDA:35,8,1,1
BRDA:36,9,0,2
BRDA:36,9,1,1
BRDA:51,10,0,1
BRDA:51,10,1,4
BRDA:51,11,0,5
BRDA:51,11,1,5
BRDA:56,12,0,1
BRDA:56,12,1,3
BRDA:57,13,0,1
BRDA:57,13,1,3
BRDA:58,14,0,1
BRDA:58,14,1,3
BRDA:59,15,0,1
BRDA:59,15,1,3
BRDA:60,16,0,1
BRDA:60,16,1,3
BRDA:61,17,0,1
BRDA:61,17,1,3
BRDA:62,18,0,2
BRDA:62,18,1,2
BRDA:65,19,0,1
BRDA:65,19,1,2
BRDA:78,20,0,1
BRDA:78,20,1,3
BRDA:78,21,0,4
BRDA:78,21,1,4
BRDA:83,22,0,1
BRDA:83,22,1,1
BRF:46
BRH:45
end_of_record
TN:
SF:src\models\taskModel.js
FNF:0
FNH:0
DA:2,1
DA:4,1
DA:26,1
LF:3
LH:3
BRF:0
BRH:0
end_of_record
TN:
SF:src\routes\taskRoutes.js
FNF:0
FNH:0
DA:2,1
DA:3,1
DA:4,1
DA:5,1
DA:8,1
DA:15,1
DA:16,1
DA:17,1
DA:18,1
DA:20,1
LF:10
LH:10
BRF:0
BRH:0
end_of_record
