TN:
SF:src/controllers/taskController.js
FN:4,(anonymous_0)
FN:16,(anonymous_1)
FN:32,(anonymous_2)
FN:55,(anonymous_3)
FN:82,(anonymous_4)
FNF:5
FNH:5
FNDA:2,(anonymous_0)
FNDA:4,(anonymous_1)
FNDA:6,(anonymous_2)
FNDA:5,(anonymous_3)
FNDA:4,(anonymous_4)
DA:2,1
DA:4,1
DA:5,2
DA:6,2
DA:7,2
DA:8,1
DA:9,1
DA:11,1
DA:12,1
DA:16,1
DA:23,4
DA:25,4
DA:32,6
DA:38,4
DA:41,4
DA:42,4
DA:43,4
DA:46,1
DA:48,1
DA:52,4
DA:55,1
DA:56,5
DA:57,5
DA:58,5
DA:59,1
DA:62,4
DA:63,4
DA:64,4
DA:65,4
DA:66,4
DA:67,4
DA:68,4
DA:69,4
DA:70,4
DA:71,4
DA:72,3
DA:73,1
DA:75,2
DA:77,1
DA:78,1
DA:82,1
DA:83,4
DA:84,4
DA:85,4
DA:86,1
DA:88,3
DA:89,3
DA:90,2
DA:91,1
DA:93,1
DA:95,1
DA:96,1
LF:52
LH:52
BRDA:23,0,0,4
BRDA:23,0,1,0
BRDA:27,1,0,4
BRDA:27,1,1,0
BRDA:28,2,0,1
BRDA:28,2,1,3
BRDA:29,3,0,1
BRDA:29,3,1,3
BRDA:30,4,0,4
BRDA:30,4,1,3
BRDA:31,5,0,1
BRDA:31,5,1,3
BRDA:32,6,0,2
BRDA:32,6,1,2
BRDA:34,7,0,2
BRDA:34,7,1,2
BRDA:35,8,0,2
BRDA:35,8,1,2
BRDA:48,9,0,1
BRDA:48,9,1,1
BRDA:58,10,0,1
BRDA:58,10,1,4
BRDA:58,11,0,5
BRDA:58,11,1,5
BRDA:63,12,0,1
BRDA:63,12,1,3
BRDA:64,13,0,1
BRDA:64,13,1,3
BRDA:65,14,0,1
BRDA:65,14,1,3
BRDA:66,15,0,1
BRDA:66,15,1,3
BRDA:67,16,0,1
BRDA:67,16,1,3
BRDA:68,17,0,1
BRDA:68,17,1,3
BRDA:69,18,0,2
BRDA:69,18,1,2
BRDA:72,19,0,1
BRDA:72,19,1,2
BRDA:85,20,0,1
BRDA:85,20,1,3
BRDA:85,21,0,4
BRDA:85,21,1,4
BRDA:90,22,0,1
BRDA:90,22,1,1
BRF:46
BRH:44
end_of_record
TN:
SF:src/models/taskModel.js
FNF:0
FNH:0
DA:2,1
DA:4,1
DA:26,1
LF:3
LH:3
BRF:0
BRH:0
end_of_record
TN:
SF:src/routes/taskRoutes.js
FNF:0
FNH:0
DA:2,1
DA:3,1
DA:4,1
DA:5,1
DA:8,1
DA:15,1
DA:16,1
DA:17,1
DA:18,1
DA:20,1
LF:10
LH:10
BRF:0
BRH:0
end_of_record
